          tag          | count 
-----------------------+-------
 #coronavirus          |    15
 #covid19              |     5
 #argentina            |     3
 #lockdown             |     2
 #wearamask            |     2
 #2021makeawish        |     1
 #auguri2021           |     1
 #buonanno2021         |     1
 #cov                  |     1
 #covid_19             |     1
 #covid19italia        |     1
 #cuidémonosentretodos |     1
 #distancelearning     |     1
 #fernandosimón        |     1
 #florida              |     1
 #goodbye2020          |     1
 #hello2021            |     1
 #ignaciocamacho       |     1
 #lockdownitalia       |     1
 #outbreak             |     1
 #pandemic             |     1
 #plancoronavirus      |     1
 #quarantine           |     1
 #socialdistanacing    |     1
 #stayhome             |     1
 #temaestinzione       |     1
 #vaccinare24h         |     1
 #vaccinazioni         |     1
 #vaccincovid          |     1
 #vaccine              |     1
 #vaccino              |     1
(31 rows)

